<?xml version="1.0" encoding="UTF-8"?>
<!-- Generated by org.testng.reporters.JUnitReportReporter -->
<testsuite hostname="AnkurChauhan-FVFGWNEDQ05D" failures="0" tests="5" name="com.browserstack.ParallelTest" time="151.351" errors="0" timestamp="2023-05-05T11:12:12 IST" skipped="0">
  <testcase classname="com.browserstack.ParallelTest" name="testParallel" time="19.585"/>
  <system-out/>
  <testcase classname="com.browserstack.ParallelTest" name="testParallel" time="30.002"/>
  <system-out/>
  <testcase classname="com.browserstack.ParallelTest" name="testParallel" time="32.394"/>
  <system-out/>
  <testcase classname="com.browserstack.ParallelTest" name="testParallel" time="35.036"/>
  <system-out/>
  <testcase classname="com.browserstack.ParallelTest" name="testParallel" time="34.334"/>
  <system-out/>
</testsuite> <!-- com.browserstack.ParallelTest -->
