<?xml version="1.0" encoding="UTF-8"?>
<!-- Generated by org.testng.reporters.JUnitReportReporter -->
<testsuite hostname="AnkurChauhan-FVFGWNEDQ05D" failures="0" tests="3" name="com.browserstack.LocalTest" time="33.953" errors="0" timestamp="2023-05-05T11:09:15 IST" skipped="0">
  <testcase classname="com.browserstack.LocalTest" name="LocalSafaritest" time="8.736"/>
  <system-out/>
  <testcase classname="com.browserstack.LocalTest" name="testLocalChrome" time="10.070"/>
  <system-out/>
  <testcase classname="com.browserstack.LocalTest" name="testLocalFirefox" time="15.147"/>
  <system-out/>
</testsuite> <!-- com.browserstack.LocalTest -->
