<?xml version="1.0" encoding="UTF-8"?>
<!-- Generated by org.testng.reporters.JUnitReportReporter -->
<testsuite hostname="AnkurChauhan-FVFGWNEDQ05D" failures="0" tests="5" name="com.browserstack.BStackDemoTest" time="117.796" errors="0" timestamp="2023-05-05T11:13:30 IST" skipped="0">
  <testcase classname="com.browserstack.BStackDemoTest" name="TestingOnBrowserStack" time="21.297"/>
  <system-out/>
  <testcase classname="com.browserstack.BStackDemoTest" name="TestingOnBrowserStack" time="23.266"/>
  <system-out/>
  <testcase classname="com.browserstack.BStackDemoTest" name="TestingOnBrowserStack" time="24.971"/>
  <system-out/>
  <testcase classname="com.browserstack.BStackDemoTest" name="TestingOnBrowserStack" time="32.323"/>
  <system-out/>
  <testcase classname="com.browserstack.BStackDemoTest" name="TestingOnBrowserStack" time="15.939"/>
  <system-out/>
</testsuite> <!-- com.browserstack.BStackDemoTest -->
